This file contains any messages produced by compilers while
running configure, to aid debugging if configure makes a mistake.

It was created by libcoap configure 0.07, which was
generated by GNU Autoconf 2.69.  Invocation command line was

  $ ./configure 

## --------- ##
## Platform. ##
## --------- ##

hostname = liam-Latitude-E6430
uname -m = x86_64
uname -r = 4.8.0-56-generic
uname -s = Linux
uname -v = #61~16.04.1-Ubuntu SMP Wed Jun 14 11:58:22 UTC 2017

/usr/bin/uname -p = unknown
/bin/uname -X     = unknown

/bin/arch              = unknown
/usr/bin/arch -k       = unknown
/usr/convex/getsysinfo = unknown
/usr/bin/hostinfo      = unknown
/bin/machine           = unknown
/usr/bin/oslevel       = unknown
/bin/universe          = unknown

PATH: /usr/local/sbin
PATH: /usr/local/bin
PATH: /usr/sbin
PATH: /usr/bin
PATH: /sbin
PATH: /bin
PATH: /usr/games
PATH: /usr/local/games


## ----------- ##
## Core tests. ##
## ----------- ##

configure:2151: checking whether make sets $(MAKE)
configure:2173: result: yes
configure:2230: checking for gcc
configure:2246: found /usr/bin/gcc
configure:2257: result: gcc
configure:2486: checking for C compiler version
configure:2495: gcc --version >&5
gcc (Ubuntu 5.4.0-6ubuntu1~16.04.4) 5.4.0 20160609
Copyright (C) 2015 Free Software Foundation, Inc.
This is free software; see the source for copying conditions.  There is NO
warranty; not even for MERCHANTABILITY or FITNESS FOR A PARTICULAR PURPOSE.

configure:2506: $? = 0
configure:2495: gcc -v >&5
Using built-in specs.
COLLECT_GCC=gcc
COLLECT_LTO_WRAPPER=/usr/lib/gcc/x86_64-linux-gnu/5/lto-wrapper
Target: x86_64-linux-gnu
Configured with: ../src/configure -v --with-pkgversion='Ubuntu 5.4.0-6ubuntu1~16.04.4' --with-bugurl=file:///usr/share/doc/gcc-5/README.Bugs --enable-languages=c,ada,c++,java,go,d,fortran,objc,obj-c++ --prefix=/usr --program-suffix=-5 --enable-shared --enable-linker-build-id --libexecdir=/usr/lib --without-included-gettext --enable-threads=posix --libdir=/usr/lib --enable-nls --with-sysroot=/ --enable-clocale=gnu --enable-libstdcxx-debug --enable-libstdcxx-time=yes --with-default-libstdcxx-abi=new --enable-gnu-unique-object --disable-vtable-verify --enable-libmpx --enable-plugin --with-system-zlib --disable-browser-plugin --enable-java-awt=gtk --enable-gtk-cairo --with-java-home=/usr/lib/jvm/java-1.5.0-gcj-5-amd64/jre --enable-java-home --with-jvm-root-dir=/usr/lib/jvm/java-1.5.0-gcj-5-amd64 --with-jvm-jar-dir=/usr/lib/jvm-exports/java-1.5.0-gcj-5-amd64 --with-arch-directory=amd64 --with-ecj-jar=/usr/share/java/eclipse-ecj.jar --enable-objc-gc --enable-multiarch --disable-werror --with-arch-32=i686 --with-abi=m64 --with-multilib-list=m32,m64,mx32 --enable-multilib --with-tune=generic --enable-checking=release --build=x86_64-linux-gnu --host=x86_64-linux-gnu --target=x86_64-linux-gnu
Thread model: posix
gcc version 5.4.0 20160609 (Ubuntu 5.4.0-6ubuntu1~16.04.4) 
configure:2506: $? = 0
configure:2495: gcc -V >&5
gcc: error: unrecognized command line option '-V'
gcc: fatal error: no input files
compilation terminated.
configure:2506: $? = 1
configure:2495: gcc -qversion >&5
gcc: error: unrecognized command line option '-qversion'
gcc: fatal error: no input files
compilation terminated.
configure:2506: $? = 1
configure:2526: checking whether the C compiler works
configure:2548: gcc    conftest.c  >&5
configure:2552: $? = 0
configure:2600: result: yes
configure:2603: checking for C compiler default output file name
configure:2605: result: a.out
configure:2611: checking for suffix of executables
configure:2618: gcc -o conftest    conftest.c  >&5
configure:2622: $? = 0
configure:2644: result: 
configure:2666: checking whether we are cross compiling
configure:2674: gcc -o conftest    conftest.c  >&5
configure:2678: $? = 0
configure:2685: ./conftest
configure:2689: $? = 0
configure:2704: result: no
configure:2709: checking for suffix of object files
configure:2731: gcc -c   conftest.c >&5
configure:2735: $? = 0
configure:2756: result: o
configure:2760: checking whether we are using the GNU C compiler
configure:2779: gcc -c   conftest.c >&5
configure:2779: $? = 0
configure:2788: result: yes
configure:2797: checking whether gcc accepts -g
configure:2817: gcc -c -g  conftest.c >&5
configure:2817: $? = 0
configure:2858: result: yes
configure:2875: checking for gcc option to accept ISO C89
configure:2938: gcc  -c -g -O2  conftest.c >&5
configure:2938: $? = 0
configure:2951: result: none needed
configure:3014: checking for ranlib
configure:3030: found /usr/bin/ranlib
configure:3041: result: ranlib
configure:3065: checking for doxygen
configure:3083: found /usr/bin/doxygen
configure:3096: result: /usr/bin/doxygen
configure:3111: checking how to run the C preprocessor
configure:3142: gcc -E  conftest.c
configure:3142: $? = 0
configure:3156: gcc -E  conftest.c
conftest.c:9:28: fatal error: ac_nonexistent.h: No such file or directory
compilation terminated.
configure:3156: $? = 1
configure: failed program was:
| /* confdefs.h */
| #define PACKAGE_NAME "libcoap"
| #define PACKAGE_TARNAME "libcoap"
| #define PACKAGE_VERSION "0.07"
| #define PACKAGE_STRING "libcoap 0.07"
| #define PACKAGE_BUGREPORT ""
| #define PACKAGE_URL ""
| /* end confdefs.h.  */
| #include <ac_nonexistent.h>
configure:3181: result: gcc -E
configure:3201: gcc -E  conftest.c
configure:3201: $? = 0
configure:3215: gcc -E  conftest.c
conftest.c:9:28: fatal error: ac_nonexistent.h: No such file or directory
compilation terminated.
configure:3215: $? = 1
configure: failed program was:
| /* confdefs.h */
| #define PACKAGE_NAME "libcoap"
| #define PACKAGE_TARNAME "libcoap"
| #define PACKAGE_VERSION "0.07"
| #define PACKAGE_STRING "libcoap 0.07"
| #define PACKAGE_BUGREPORT ""
| #define PACKAGE_URL ""
| /* end confdefs.h.  */
| #include <ac_nonexistent.h>
configure:3244: checking for grep that handles long lines and -e
configure:3302: result: /bin/grep
configure:3307: checking for egrep
configure:3369: result: /bin/grep -E
configure:3374: checking for ANSI C header files
configure:3394: gcc -c -g -O2  conftest.c >&5
configure:3394: $? = 0
configure:3467: gcc -o conftest -g -O2   conftest.c  >&5
configure:3467: $? = 0
configure:3467: ./conftest
configure:3467: $? = 0
configure:3478: result: yes
configure:3491: checking for sys/types.h
configure:3491: gcc -c -g -O2  conftest.c >&5
configure:3491: $? = 0
configure:3491: result: yes
configure:3491: checking for sys/stat.h
configure:3491: gcc -c -g -O2  conftest.c >&5
configure:3491: $? = 0
configure:3491: result: yes
configure:3491: checking for stdlib.h
configure:3491: gcc -c -g -O2  conftest.c >&5
configure:3491: $? = 0
configure:3491: result: yes
configure:3491: checking for string.h
configure:3491: gcc -c -g -O2  conftest.c >&5
configure:3491: $? = 0
configure:3491: result: yes
configure:3491: checking for memory.h
configure:3491: gcc -c -g -O2  conftest.c >&5
configure:3491: $? = 0
configure:3491: result: yes
configure:3491: checking for strings.h
configure:3491: gcc -c -g -O2  conftest.c >&5
configure:3491: $? = 0
configure:3491: result: yes
configure:3491: checking for inttypes.h
configure:3491: gcc -c -g -O2  conftest.c >&5
configure:3491: $? = 0
configure:3491: result: yes
configure:3491: checking for stdint.h
configure:3491: gcc -c -g -O2  conftest.c >&5
configure:3491: $? = 0
configure:3491: result: yes
configure:3491: checking for unistd.h
configure:3491: gcc -c -g -O2  conftest.c >&5
configure:3491: $? = 0
configure:3491: result: yes
configure:3503: checking whether byte ordering is bigendian
configure:3518: gcc -c -g -O2  conftest.c >&5
conftest.c:20:9: error: unknown type name 'not'
         not a universal capable compiler
         ^
conftest.c:20:15: error: expected '=', ',', ';', 'asm' or '__attribute__' before 'universal'
         not a universal capable compiler
               ^
conftest.c:20:15: error: unknown type name 'universal'
configure:3518: $? = 1
configure: failed program was:
| /* confdefs.h */
| #define PACKAGE_NAME "libcoap"
| #define PACKAGE_TARNAME "libcoap"
| #define PACKAGE_VERSION "0.07"
| #define PACKAGE_STRING "libcoap 0.07"
| #define PACKAGE_BUGREPORT ""
| #define PACKAGE_URL ""
| #define STDC_HEADERS 1
| #define HAVE_SYS_TYPES_H 1
| #define HAVE_SYS_STAT_H 1
| #define HAVE_STDLIB_H 1
| #define HAVE_STRING_H 1
| #define HAVE_MEMORY_H 1
| #define HAVE_STRINGS_H 1
| #define HAVE_INTTYPES_H 1
| #define HAVE_STDINT_H 1
| #define HAVE_UNISTD_H 1
| /* end confdefs.h.  */
| #ifndef __APPLE_CC__
| 	       not a universal capable compiler
| 	     #endif
| 	     typedef int dummy;
| 
configure:3563: gcc -c -g -O2  conftest.c >&5
configure:3563: $? = 0
configure:3581: gcc -c -g -O2  conftest.c >&5
conftest.c: In function 'main':
conftest.c:26:4: error: unknown type name 'not'
    not big endian
    ^
conftest.c:26:12: error: expected '=', ',', ';', 'asm' or '__attribute__' before 'endian'
    not big endian
            ^
configure:3581: $? = 1
configure: failed program was:
| /* confdefs.h */
| #define PACKAGE_NAME "libcoap"
| #define PACKAGE_TARNAME "libcoap"
| #define PACKAGE_VERSION "0.07"
| #define PACKAGE_STRING "libcoap 0.07"
| #define PACKAGE_BUGREPORT ""
| #define PACKAGE_URL ""
| #define STDC_HEADERS 1
| #define HAVE_SYS_TYPES_H 1
| #define HAVE_SYS_STAT_H 1
| #define HAVE_STDLIB_H 1
| #define HAVE_STRING_H 1
| #define HAVE_MEMORY_H 1
| #define HAVE_STRINGS_H 1
| #define HAVE_INTTYPES_H 1
| #define HAVE_STDINT_H 1
| #define HAVE_UNISTD_H 1
| /* end confdefs.h.  */
| #include <sys/types.h>
| 		#include <sys/param.h>
| 
| int
| main ()
| {
| #if BYTE_ORDER != BIG_ENDIAN
| 		 not big endian
| 		#endif
| 
|   ;
|   return 0;
| }
configure:3709: result: no
configure:3729: checking for coap_new_pdu in -lcoap
configure:3754: gcc -o conftest -g -O2   conftest.c -lcoap   >&5
/usr/bin/ld: cannot find -lcoap
collect2: error: ld returned 1 exit status
configure:3754: $? = 1
configure: failed program was:
| /* confdefs.h */
| #define PACKAGE_NAME "libcoap"
| #define PACKAGE_TARNAME "libcoap"
| #define PACKAGE_VERSION "0.07"
| #define PACKAGE_STRING "libcoap 0.07"
| #define PACKAGE_BUGREPORT ""
| #define PACKAGE_URL ""
| #define STDC_HEADERS 1
| #define HAVE_SYS_TYPES_H 1
| #define HAVE_SYS_STAT_H 1
| #define HAVE_STDLIB_H 1
| #define HAVE_STRING_H 1
| #define HAVE_MEMORY_H 1
| #define HAVE_STRINGS_H 1
| #define HAVE_INTTYPES_H 1
| #define HAVE_STDINT_H 1
| #define HAVE_UNISTD_H 1
| /* end confdefs.h.  */
| 
| /* Override any GCC internal prototype to avoid an error.
|    Use char because int might match the return type of a GCC
|    builtin and then its argument prototype would still apply.  */
| #ifdef __cplusplus
| extern "C"
| #endif
| char coap_new_pdu ();
| int
| main ()
| {
| return coap_new_pdu ();
|   ;
|   return 0;
| }
configure:3763: result: no
configure:3775: checking for library containing gethostbyname
configure:3806: gcc -o conftest -g -O2   conftest.c  >&5
configure:3806: $? = 0
configure:3823: result: none required
configure:3831: checking for library containing socket
configure:3862: gcc -o conftest -g -O2   conftest.c  >&5
configure:3862: $? = 0
configure:3879: result: none required
configure:3892: checking assert.h usability
configure:3892: gcc -c -g -O2  conftest.c >&5
configure:3892: $? = 0
configure:3892: result: yes
configure:3892: checking assert.h presence
configure:3892: gcc -E  conftest.c
configure:3892: $? = 0
configure:3892: result: yes
configure:3892: checking for assert.h
configure:3892: result: yes
configure:3892: checking arpa/inet.h usability
configure:3892: gcc -c -g -O2  conftest.c >&5
configure:3892: $? = 0
configure:3892: result: yes
configure:3892: checking arpa/inet.h presence
configure:3892: gcc -E  conftest.c
configure:3892: $? = 0
configure:3892: result: yes
configure:3892: checking for arpa/inet.h
configure:3892: result: yes
configure:3892: checking limits.h usability
configure:3892: gcc -c -g -O2  conftest.c >&5
configure:3892: $? = 0
configure:3892: result: yes
configure:3892: checking limits.h presence
configure:3892: gcc -E  conftest.c
configure:3892: $? = 0
configure:3892: result: yes
configure:3892: checking for limits.h
configure:3892: result: yes
configure:3892: checking netdb.h usability
configure:3892: gcc -c -g -O2  conftest.c >&5
configure:3892: $? = 0
configure:3892: result: yes
configure:3892: checking netdb.h presence
configure:3892: gcc -E  conftest.c
configure:3892: $? = 0
configure:3892: result: yes
configure:3892: checking for netdb.h
configure:3892: result: yes
configure:3892: checking netinet/in.h usability
configure:3892: gcc -c -g -O2  conftest.c >&5
configure:3892: $? = 0
configure:3892: result: yes
configure:3892: checking netinet/in.h presence
configure:3892: gcc -E  conftest.c
configure:3892: $? = 0
configure:3892: result: yes
configure:3892: checking for netinet/in.h
configure:3892: result: yes
configure:3892: checking for stdlib.h
configure:3892: result: yes
configure:3892: checking for string.h
configure:3892: result: yes
configure:3892: checking for strings.h
configure:3892: result: yes
configure:3892: checking sys/socket.h usability
configure:3892: gcc -c -g -O2  conftest.c >&5
configure:3892: $? = 0
configure:3892: result: yes
configure:3892: checking sys/socket.h presence
configure:3892: gcc -E  conftest.c
configure:3892: $? = 0
configure:3892: result: yes
configure:3892: checking for sys/socket.h
configure:3892: result: yes
configure:3892: checking for unistd.h
configure:3892: result: yes
configure:3904: checking for size_t
configure:3904: gcc -c -g -O2  conftest.c >&5
configure:3904: $? = 0
configure:3904: gcc -c -g -O2  conftest.c >&5
conftest.c: In function 'main':
conftest.c:65:21: error: expected expression before ')' token
 if (sizeof ((size_t)))
                     ^
configure:3904: $? = 1
configure: failed program was:
| /* confdefs.h */
| #define PACKAGE_NAME "libcoap"
| #define PACKAGE_TARNAME "libcoap"
| #define PACKAGE_VERSION "0.07"
| #define PACKAGE_STRING "libcoap 0.07"
| #define PACKAGE_BUGREPORT ""
| #define PACKAGE_URL ""
| #define STDC_HEADERS 1
| #define HAVE_SYS_TYPES_H 1
| #define HAVE_SYS_STAT_H 1
| #define HAVE_STDLIB_H 1
| #define HAVE_STRING_H 1
| #define HAVE_MEMORY_H 1
| #define HAVE_STRINGS_H 1
| #define HAVE_INTTYPES_H 1
| #define HAVE_STDINT_H 1
| #define HAVE_UNISTD_H 1
| #define HAVE_ASSERT_H 1
| #define HAVE_ARPA_INET_H 1
| #define HAVE_LIMITS_H 1
| #define HAVE_NETDB_H 1
| #define HAVE_NETINET_IN_H 1
| #define HAVE_STDLIB_H 1
| #define HAVE_STRING_H 1
| #define HAVE_STRINGS_H 1
| #define HAVE_SYS_SOCKET_H 1
| #define HAVE_UNISTD_H 1
| /* end confdefs.h.  */
| #include <stdio.h>
| #ifdef HAVE_SYS_TYPES_H
| # include <sys/types.h>
| #endif
| #ifdef HAVE_SYS_STAT_H
| # include <sys/stat.h>
| #endif
| #ifdef STDC_HEADERS
| # include <stdlib.h>
| # include <stddef.h>
| #else
| # ifdef HAVE_STDLIB_H
| #  include <stdlib.h>
| # endif
| #endif
| #ifdef HAVE_STRING_H
| # if !defined STDC_HEADERS && defined HAVE_MEMORY_H
| #  include <memory.h>
| # endif
| # include <string.h>
| #endif
| #ifdef HAVE_STRINGS_H
| # include <strings.h>
| #endif
| #ifdef HAVE_INTTYPES_H
| # include <inttypes.h>
| #endif
| #ifdef HAVE_STDINT_H
| # include <stdint.h>
| #endif
| #ifdef HAVE_UNISTD_H
| # include <unistd.h>
| #endif
| int
| main ()
| {
| if (sizeof ((size_t)))
| 	    return 0;
|   ;
|   return 0;
| }
configure:3904: result: yes
configure:3915: checking for ssize_t
configure:3915: gcc -c -g -O2  conftest.c >&5
configure:3915: $? = 0
configure:3915: gcc -c -g -O2  conftest.c >&5
conftest.c: In function 'main':
conftest.c:65:22: error: expected expression before ')' token
 if (sizeof ((ssize_t)))
                      ^
configure:3915: $? = 1
configure: failed program was:
| /* confdefs.h */
| #define PACKAGE_NAME "libcoap"
| #define PACKAGE_TARNAME "libcoap"
| #define PACKAGE_VERSION "0.07"
| #define PACKAGE_STRING "libcoap 0.07"
| #define PACKAGE_BUGREPORT ""
| #define PACKAGE_URL ""
| #define STDC_HEADERS 1
| #define HAVE_SYS_TYPES_H 1
| #define HAVE_SYS_STAT_H 1
| #define HAVE_STDLIB_H 1
| #define HAVE_STRING_H 1
| #define HAVE_MEMORY_H 1
| #define HAVE_STRINGS_H 1
| #define HAVE_INTTYPES_H 1
| #define HAVE_STDINT_H 1
| #define HAVE_UNISTD_H 1
| #define HAVE_ASSERT_H 1
| #define HAVE_ARPA_INET_H 1
| #define HAVE_LIMITS_H 1
| #define HAVE_NETDB_H 1
| #define HAVE_NETINET_IN_H 1
| #define HAVE_STDLIB_H 1
| #define HAVE_STRING_H 1
| #define HAVE_STRINGS_H 1
| #define HAVE_SYS_SOCKET_H 1
| #define HAVE_UNISTD_H 1
| /* end confdefs.h.  */
| #include <stdio.h>
| #ifdef HAVE_SYS_TYPES_H
| # include <sys/types.h>
| #endif
| #ifdef HAVE_SYS_STAT_H
| # include <sys/stat.h>
| #endif
| #ifdef STDC_HEADERS
| # include <stdlib.h>
| # include <stddef.h>
| #else
| # ifdef HAVE_STDLIB_H
| #  include <stdlib.h>
| # endif
| #endif
| #ifdef HAVE_STRING_H
| # if !defined STDC_HEADERS && defined HAVE_MEMORY_H
| #  include <memory.h>
| # endif
| # include <string.h>
| #endif
| #ifdef HAVE_STRINGS_H
| # include <strings.h>
| #endif
| #ifdef HAVE_INTTYPES_H
| # include <inttypes.h>
| #endif
| #ifdef HAVE_STDINT_H
| # include <stdint.h>
| #endif
| #ifdef HAVE_UNISTD_H
| # include <unistd.h>
| #endif
| int
| main ()
| {
| if (sizeof ((ssize_t)))
| 	    return 0;
|   ;
|   return 0;
| }
configure:3915: result: yes
configure:3930: checking for stdlib.h
configure:3930: result: yes
configure:3940: checking for GNU libc compatible malloc
configure:3964: gcc -o conftest -g -O2   conftest.c  >&5
configure:3964: $? = 0
configure:3964: ./conftest
configure:3964: $? = 0
configure:3974: result: yes
configure:3998: checking for memset
configure:3998: gcc -o conftest -g -O2   conftest.c  >&5
conftest.c:54:6: warning: conflicting types for built-in function 'memset'
 char memset ();
      ^
configure:3998: $? = 0
configure:3998: result: yes
configure:3998: checking for select
configure:3998: gcc -o conftest -g -O2   conftest.c  >&5
configure:3998: $? = 0
configure:3998: result: yes
configure:3998: checking for socket
configure:3998: gcc -o conftest -g -O2   conftest.c  >&5
configure:3998: $? = 0
configure:3998: result: yes
configure:3998: checking for strcasecmp
configure:3998: gcc -o conftest -g -O2   conftest.c  >&5
conftest.c:57:6: warning: conflicting types for built-in function 'strcasecmp'
 char strcasecmp ();
      ^
configure:3998: $? = 0
configure:3998: result: yes
configure:3998: checking for strrchr
configure:3998: gcc -o conftest -g -O2   conftest.c  >&5
conftest.c:58:6: warning: conflicting types for built-in function 'strrchr'
 char strrchr ();
      ^
configure:3998: $? = 0
configure:3998: result: yes
configure:3998: checking for getaddrinfo
configure:3998: gcc -o conftest -g -O2   conftest.c  >&5
configure:3998: $? = 0
configure:3998: result: yes
configure:3998: checking for strnlen
configure:3998: gcc -o conftest -g -O2   conftest.c  >&5
configure:3998: $? = 0
configure:3998: result: yes
configure:4128: creating ./config.status

## ---------------------- ##
## Running config.status. ##
## ---------------------- ##

This file was extended by libcoap config.status 0.07, which was
generated by GNU Autoconf 2.69.  Invocation command line was

  CONFIG_FILES    = 
  CONFIG_HEADERS  = 
  CONFIG_LINKS    = 
  CONFIG_COMMANDS = 
  $ ./config.status 

on liam-Latitude-E6430

config.status:823: creating Makefile
config.status:823: creating doc/Makefile
config.status:823: creating doc/Doxyfile
config.status:823: creating examples/Makefile
config.status:823: creating config.h

## ---------------- ##
## Cache variables. ##
## ---------------- ##

ac_cv_c_bigendian=no
ac_cv_c_compiler_gnu=yes
ac_cv_env_CC_set=
ac_cv_env_CC_value=
ac_cv_env_CFLAGS_set=
ac_cv_env_CFLAGS_value=
ac_cv_env_CPPFLAGS_set=
ac_cv_env_CPPFLAGS_value=
ac_cv_env_CPP_set=
ac_cv_env_CPP_value=
ac_cv_env_LDFLAGS_set=
ac_cv_env_LDFLAGS_value=
ac_cv_env_LIBS_set=
ac_cv_env_LIBS_value=
ac_cv_env_build_alias_set=
ac_cv_env_build_alias_value=
ac_cv_env_host_alias_set=
ac_cv_env_host_alias_value=
ac_cv_env_target_alias_set=
ac_cv_env_target_alias_value=
ac_cv_func_getaddrinfo=yes
ac_cv_func_malloc_0_nonnull=yes
ac_cv_func_memset=yes
ac_cv_func_select=yes
ac_cv_func_socket=yes
ac_cv_func_strcasecmp=yes
ac_cv_func_strnlen=yes
ac_cv_func_strrchr=yes
ac_cv_header_arpa_inet_h=yes
ac_cv_header_assert_h=yes
ac_cv_header_inttypes_h=yes
ac_cv_header_limits_h=yes
ac_cv_header_memory_h=yes
ac_cv_header_netdb_h=yes
ac_cv_header_netinet_in_h=yes
ac_cv_header_stdc=yes
ac_cv_header_stdint_h=yes
ac_cv_header_stdlib_h=yes
ac_cv_header_string_h=yes
ac_cv_header_strings_h=yes
ac_cv_header_sys_socket_h=yes
ac_cv_header_sys_stat_h=yes
ac_cv_header_sys_types_h=yes
ac_cv_header_unistd_h=yes
ac_cv_lib_coap_coap_new_pdu=no
ac_cv_objext=o
ac_cv_path_DOXYGEN=/usr/bin/doxygen
ac_cv_path_EGREP='/bin/grep -E'
ac_cv_path_GREP=/bin/grep
ac_cv_prog_CPP='gcc -E'
ac_cv_prog_ac_ct_CC=gcc
ac_cv_prog_ac_ct_RANLIB=ranlib
ac_cv_prog_cc_c89=
ac_cv_prog_cc_g=yes
ac_cv_prog_make_make_set=yes
ac_cv_search_gethostbyname='none required'
ac_cv_search_socket='none required'
ac_cv_type_size_t=yes
ac_cv_type_ssize_t=yes

## ----------------- ##
## Output variables. ##
## ----------------- ##

CC='gcc'
CFLAGS='-g -O2'
CPP='gcc -E'
CPPFLAGS=''
DEFS='-DHAVE_CONFIG_H'
DOXYGEN='/usr/bin/doxygen'
ECHO_C=''
ECHO_N='-n'
ECHO_T=''
EGREP='/bin/grep -E'
EXEEXT=''
GREP='/bin/grep'
LDFLAGS=''
LIBOBJS=''
LIBS=''
LTLIBOBJS=''
OBJEXT='o'
PACKAGE_BUGREPORT=''
PACKAGE_NAME='libcoap'
PACKAGE_STRING='libcoap 0.07'
PACKAGE_TARNAME='libcoap'
PACKAGE_URL=''
PACKAGE_VERSION='0.07'
PATH_SEPARATOR=':'
RANLIB='ranlib'
SET_MAKE=''
SHELL='/bin/bash'
ac_ct_CC='gcc'
bindir='${exec_prefix}/bin'
build_alias=''
datadir='${datarootdir}'
datarootdir='${prefix}/share'
docdir='${datarootdir}/doc/${PACKAGE_TARNAME}'
dvidir='${docdir}'
exec_prefix='${prefix}'
host_alias=''
htmldir='${docdir}'
includedir='${prefix}/include'
infodir='${datarootdir}/info'
libdir='${exec_prefix}/lib'
libexecdir='${exec_prefix}/libexec'
localedir='${datarootdir}/locale'
localstatedir='${prefix}/var'
mandir='${datarootdir}/man'
oldincludedir='/usr/include'
pdfdir='${docdir}'
prefix='/usr/local'
program_transform_name='s,x,x,'
psdir='${docdir}'
runstatedir='${localstatedir}/run'
sbindir='${exec_prefix}/sbin'
sharedstatedir='${prefix}/com'
sysconfdir='${prefix}/etc'
target_alias=''

## ----------- ##
## confdefs.h. ##
## ----------- ##

/* confdefs.h */
#define PACKAGE_NAME "libcoap"
#define PACKAGE_TARNAME "libcoap"
#define PACKAGE_VERSION "0.07"
#define PACKAGE_STRING "libcoap 0.07"
#define PACKAGE_BUGREPORT ""
#define PACKAGE_URL ""
#define STDC_HEADERS 1
#define HAVE_SYS_TYPES_H 1
#define HAVE_SYS_STAT_H 1
#define HAVE_STDLIB_H 1
#define HAVE_STRING_H 1
#define HAVE_MEMORY_H 1
#define HAVE_STRINGS_H 1
#define HAVE_INTTYPES_H 1
#define HAVE_STDINT_H 1
#define HAVE_UNISTD_H 1
#define HAVE_ASSERT_H 1
#define HAVE_ARPA_INET_H 1
#define HAVE_LIMITS_H 1
#define HAVE_NETDB_H 1
#define HAVE_NETINET_IN_H 1
#define HAVE_STDLIB_H 1
#define HAVE_STRING_H 1
#define HAVE_STRINGS_H 1
#define HAVE_SYS_SOCKET_H 1
#define HAVE_UNISTD_H 1
#define HAVE_STDLIB_H 1
#define HAVE_MALLOC 1
#define HAVE_MEMSET 1
#define HAVE_SELECT 1
#define HAVE_SOCKET 1
#define HAVE_STRCASECMP 1
#define HAVE_STRRCHR 1
#define HAVE_GETADDRINFO 1
#define HAVE_STRNLEN 1

configure: exit 0
